<?xml version="1.0" encoding="UTF-8"?>
<!-- Generated by org.testng.reporters.JUnitReportReporter -->
<testsuite hostname="Gauravs-MacBook-Pro.local" failures="0" tests="2" name="api.test.AssignmentScenariosTests" time="4.443" errors="0" timestamp="2023-09-06T19:22:25 IST" skipped="0">
  <testcase classname="api.test.AssignmentScenariosTests" name="testScenario1" time="1.442"/>
  <testcase classname="api.test.AssignmentScenariosTests" name="testUpdatePet" time="3.001"/>
</testsuite> <!-- api.test.AssignmentScenariosTests -->
