<?xml version="1.0" encoding="UTF-8"?>
<!-- Generated by org.testng.reporters.JUnitReportReporter -->
<testsuite hostname="Gauravs-MacBook-Pro.local" failures="0" tests="4" name="api.test.StoreTests" time="6.429" errors="0" timestamp="2023-09-06T19:22:25 IST" skipped="0">
  <testcase classname="api.test.StoreTests" name="testPlaceOrder" time="1.909"/>
  <testcase classname="api.test.StoreTests" name="testGetOrderDetails" time="1.409"/>
  <testcase classname="api.test.StoreTests" name="testDeleteOrder" time="1.561"/>
  <testcase classname="api.test.StoreTests" name="testGetInventory" time="1.550"/>
</testsuite> <!-- api.test.StoreTests -->
