<?xml version="1.0" encoding="UTF-8"?>
<!-- Generated by org.testng.reporters.JUnitReportReporter -->
<testsuite hostname="Gauravs-MacBook-Pro.local" failures="0" tests="4" name="api.test.UserTests" time="8.856" errors="0" timestamp="2023-09-06T19:22:25 IST" skipped="0">
  <testcase classname="api.test.UserTests" name="testCreateUser" time="3.157"/>
  <testcase classname="api.test.UserTests" name="testGetUser" time="1.462"/>
  <testcase classname="api.test.UserTests" name="testUpdateUser" time="2.845"/>
  <testcase classname="api.test.UserTests" name="testDeleteUser" time="1.392"/>
</testsuite> <!-- api.test.UserTests -->
