<?xml version="1.0" encoding="UTF-8"?>
<!-- Generated by org.testng.reporters.JUnitReportReporter -->
<testsuite hostname="Gauravs-MacBook-Pro.local" failures="0" tests="4" name="api.test.PetTests" time="7.305" errors="0" timestamp="2023-09-06T19:22:25 IST" skipped="0">
  <testcase classname="api.test.PetTests" name="testAddPet" time="1.438"/>
  <testcase classname="api.test.PetTests" name="testGetPet" time="1.379"/>
  <testcase classname="api.test.PetTests" name="testUpdatePet" time="3.102"/>
  <testcase classname="api.test.PetTests" name="testDeletePet" time="1.386"/>
</testsuite> <!-- api.test.PetTests -->
